#
# A fatal error has been detected by the Java Runtime Environment:
#
#  EXCEPTION_ACCESS_VIOLATION (0xc0000005) at pc=0x6e82f3d5, pid=12020, tid=11504
#
# JRE version: Java(TM) SE Runtime Environment (7.0_65-b19) (build 1.7.0_65-b19)
# Java VM: Java HotSpot(TM) Client VM (24.65-b04 mixed mode windows-x86 )
# Problematic frame:
# V  [jvm.dll+0x7f3d5]
#
# Failed to write core dump. Minidumps are not enabled by default on client versions of Windows
#
# If you would like to submit a bug report, please visit:
#   http://bugreport.sun.com/bugreport/crash.jsp
#

---------------  T H R E A D  ---------------

Current thread (0x038c3c00):  VMThread [stack: 0x016a0000,0x016f0000] [id=11504]

siginfo: ExceptionCode=0xc0000005, reading address 0x0000611a

Registers:
EAX=0x0000611a, EBX=0x00000002, ECX=0x016ef058, EDX=0x6e82f5e0
ESP=0x016eebac, EBP=0x016eebb4, ESI=0x016ef058, EDI=0x202590ac
EIP=0x6e82f3d5, EFLAGS=0x00010283

Top of Stack: (sp=0x016eebac)
0x016eebac:   00000000 016eec30 016eebc8 6e8ed623
0x016eebbc:   202590ac 00000004 00000004 016eebec
0x016eebcc:   6e8224fa 00000002 016eecf4 038c40c8
0x016eebdc:   016ef058 00000003 016eec7c 00000005
0x016eebec:   016eec98 6e8eded2 016eec30 0129c400
0x016eebfc:   016eecf4 00000000 016ef058 00000000
0x016eec0c:   019f7574 019f7574 019f7388 019f7cdf
0x016eec1c:   106d0005 019f756c 0100ffff 019f7580 

Instructions: (pc=0x6e82f3d5)
0x6e82f3b5:   04 07 11 5f 5e 5d c2 04 00 cc cc 55 8b ec 56 57
0x6e82f3c5:   8b 7d 08 8b 07 8b f1 85 c0 74 53 3b 46 20 73 4e
0x6e82f3d5:   8b 08 83 e1 03 80 f9 03 75 1e 8b 00 80 3d f2 e0
0x6e82f3e5:   ac 6e 00 74 0e 8b d0 83 e2 07 80 fa 05 75 04 33 


Register to memory mapping:

EAX=0x0000611a is an unknown value
EBX=0x00000002 is an unknown value
ECX=0x016ef058 is an unknown value
EDX=0x6e82f5e0 is an unknown value
ESP=0x016eebac is an unknown value
EBP=0x016eebb4 is an unknown value
ESI=0x016ef058 is an unknown value
EDI=0x202590ac is pointing into object: 0x20259040
{constMethod} 
 - klass: {other class}
 - constants:       0x20258210 constant pool [304] for 'java/lang/AbstractStringBuilder' cache=0x202ebfb0


Stack: [0x016a0000,0x016f0000],  sp=0x016eebac,  free space=314k
Native frames: (J=compiled Java code, j=interpreted, Vv=VM code, C=native code)
V  [jvm.dll+0x7f3d5]
V  [jvm.dll+0x13d623]
V  [jvm.dll+0x724fa]
V  [jvm.dll+0x13ded2]
V  [jvm.dll+0x13e352]
V  [jvm.dll+0x15f94b]
V  [jvm.dll+0x15e4c1]
V  [jvm.dll+0x8c6ca]
V  [jvm.dll+0x86363]
V  [jvm.dll+0x7fe77]
V  [jvm.dll+0x85d39]
V  [jvm.dll+0x7c9d3]
V  [jvm.dll+0x19e976]
V  [jvm.dll+0x1683eb]
V  [jvm.dll+0x1677a1]
V  [jvm.dll+0x167bb7]
V  [jvm.dll+0x167db2]
V  [jvm.dll+0x1a7489]
C  [msvcr100.dll+0x5c556]
C  [msvcr100.dll+0x5c600]
C  [kernel32.dll+0x4ee6c]
C  [ntdll.dll+0x6399b]
C  [ntdll.dll+0x6396e]

JavaThread 0x0129c400 (nid = 3612) was being processed
Java frames: (J=compiled Java code, j=interpreted, Vv=VM code)
v  ~RuntimeStub::new_type_array Runtime1 stub
J 556 C1 com.aliasi.lm.CompiledNGramProcessLM.compileSuffixes(Ljava/lang/String;I)V (104 bytes) @ 0x019fa524 [0x019fa230+0x2f4]
J 556 C1 com.aliasi.lm.CompiledNGramProcessLM.compileSuffixes(Ljava/lang/String;I)V (104 bytes) @ 0x019fa4a0 [0x019fa230+0x270]
J 556 C1 com.aliasi.lm.CompiledNGramProcessLM.compileSuffixes(Ljava/lang/String;I)V (104 bytes) @ 0x019fa4a0 [0x019fa230+0x270]
J 556 C1 com.aliasi.lm.CompiledNGramProcessLM.compileSuffixes(Ljava/lang/String;I)V (104 bytes) @ 0x019fa4a0 [0x019fa230+0x270]
j  com.aliasi.lm.CompiledNGramProcessLM.compileSuffixes(Ljava/lang/String;I)V+94
j  com.aliasi.lm.CompiledNGramProcessLM.compileSuffixes(Ljava/lang/String;I)V+94
J 547% C1 com.aliasi.lm.CompiledNGramProcessLM.<init>(Ljava/io/ObjectInput;)V (217 bytes) @ 0x019f7ad8 [0x019f7580+0x558]
j  com.aliasi.lm.NGramProcessLM$Externalizer.read(Ljava/io/ObjectInput;)Ljava/lang/Object;+5
j  com.aliasi.util.AbstractExternalizable.readExternal(Ljava/io/ObjectInput;)V+3
j  java.io.ObjectInputStream.readExternalData(Ljava/io/Externalizable;Ljava/io/ObjectStreamClass;)V+36
j  java.io.ObjectInputStream.readOrdinaryObject(Z)Ljava/lang/Object;+174
j  java.io.ObjectInputStream.readObject0(Z)Ljava/lang/Object;+389
j  java.io.ObjectInputStream.readObject()Ljava/lang/Object;+19
j  com.aliasi.classify.DynamicLMClassifier$Externalizer.read(Ljava/io/ObjectInput;)Ljava/lang/Object;+46
j  com.aliasi.util.AbstractExternalizable.readExternal(Ljava/io/ObjectInput;)V+3
j  java.io.ObjectInputStream.readExternalData(Ljava/io/Externalizable;Ljava/io/ObjectStreamClass;)V+36
j  java.io.ObjectInputStream.readOrdinaryObject(Z)Ljava/lang/Object;+174
j  java.io.ObjectInputStream.readObject0(Z)Ljava/lang/Object;+389
j  java.io.ObjectInputStream.readObject()Ljava/lang/Object;+19
j  com.aliasi.util.AbstractExternalizable.readObject(Ljava/io/File;)Ljava/lang/Object;+34
j  com.barclays.lingpipe.SentimentClassifier.<init>()V+14
j  com.barclays.lingpipe.LingPipeClassifier.main([Ljava/lang/String;)V+7
v  ~StubRoutines::call_stub
VM_Operation (0x0159eed8): GenCollectForAllocation, mode: safepoint, requested by thread 0x0129c400


---------------  P R O C E S S  ---------------

Java Threads: ( => current thread )
  0x03927c00 JavaThread "Service Thread" daemon [_thread_blocked, id=7404, stack(0x04790000,0x047e0000)]
  0x0391c800 JavaThread "C1 CompilerThread0" daemon [_thread_blocked, id=8496, stack(0x04220000,0x04270000)]
  0x0390dc00 JavaThread "JDWP Command Reader" daemon [_thread_in_native, id=8216, stack(0x045c0000,0x04610000)]
  0x0390cc00 JavaThread "JDWP Event Helper Thread" daemon [_thread_blocked, id=9632, stack(0x04500000,0x04550000)]
  0x03902800 JavaThread "JDWP Transport Listener: dt_socket" daemon [_thread_blocked, id=11784, stack(0x043b0000,0x04400000)]
  0x038fd000 JavaThread "Attach Listener" daemon [_thread_blocked, id=6032, stack(0x01630000,0x01680000)]
  0x038fa000 JavaThread "Signal Dispatcher" daemon [_thread_blocked, id=10988, stack(0x04090000,0x040e0000)]
  0x038cbc00 JavaThread "Finalizer" daemon [_thread_blocked, id=5688, stack(0x01800000,0x01850000)]
  0x038c6c00 JavaThread "Reference Handler" daemon [_thread_blocked, id=8524, stack(0x016f0000,0x01740000)]
  0x0129c400 JavaThread "main" [_thread_blocked, id=3612, stack(0x01550000,0x015a0000)]

Other Threads:
=>0x038c3c00 VMThread [stack: 0x016a0000,0x016f0000] [id=11504]
  0x03929400 WatcherThread [stack: 0x04610000,0x04660000] [id=10868]

VM state:at safepoint (normal execution)

VM Mutex/Monitor currently owned by a thread:  ([mutex/lock_event])
[0x0129a8f0] Threads_lock - owner thread: 0x038c3c00
[0x0129ad00] Heap_lock - owner thread: 0x0129c400

Heap
 def new generation   total 4928K, used 4800K [0x10200000, 0x10750000, 0x15750000)
  eden space 4416K, 100% used [0x10200000, 0x10650000, 0x10650000)
  from space 512K,  75% used [0x10650000, 0x106b0130, 0x106d0000)
  to   space 512K,   0% used [0x106d0000, 0x106d0268, 0x10750000)
 tenured generation   total 10944K, used 3121K [0x15750000, 0x16200000, 0x20200000)
   the space 10944K,  28% used [0x15750000, 0x15a5c6d8, 0x15a5c800, 0x16200000)
 compacting perm gen  total 12288K, used 2842K [0x20200000, 0x20e00000, 0x24200000)
   the space 12288K,  23% used [0x20200000, 0x204c6b20, 0x204c6c00, 0x20e00000)
No shared spaces configured.

Card table byte_map: [0x01470000,0x01520000] byte_map_base: 0x013ef000

Polling page: 0x002f0000

Code Cache  [0x018c0000, 0x01a00000, 0x038c0000)
 total_blobs=690 nmethods=557 adapters=77 free_code_cache=31508Kb largest_free_block=32264320

Compilation events (10 events):
Event: 85.293 Thread 0x0391c800  553             java.lang.StringBuilder::<init> (7 bytes)
Event: 85.293 Thread 0x0391c800 nmethod 553 0x019f9488 code [0x019f9580, 0x019f9690]
Event: 85.293 Thread 0x0391c800  554             com.aliasi.lm.CompiledNGramProcessLM::suffixIndex (52 bytes)
Event: 85.294 Thread 0x0391c800 nmethod 554 0x019f9708 code [0x019f9840, 0x019f9a98]
Event: 85.294 Thread 0x0391c800  555             com.aliasi.lm.CompiledNGramProcessLM::getIndex (41 bytes)
Event: 85.294 Thread 0x0391c800 nmethod 555 0x019f9d88 code [0x019f9e90, 0x019f9fac]
Event: 85.294 Thread 0x0391c800  556             com.aliasi.lm.CompiledNGramProcessLM::compileSuffixes (104 bytes)
Event: 85.294 Thread 0x0391c800 nmethod 556 0x019fa0c8 code [0x019fa230, 0x019fa5fc]
Event: 85.294 Thread 0x0391c800  557             java.lang.StringBuilder::append (8 bytes)
Event: 85.295 Thread 0x0391c800 nmethod 557 0x019fac48 code [0x019fad50, 0x019fae4c]

GC Heap History (10 events):
Event: 84.207 GC heap after
Heap after GC invocations=36 (full 0):
 def new generation   total 4928K, used 281K [0x10200000, 0x10750000, 0x15750000)
  eden space 4416K,   0% used [0x10200000, 0x10200000, 0x10650000)
  from space 512K,  55% used [0x10650000, 0x10696778, 0x106d0000)
  to   space 512K,   0% used [0x106d0000, 0x106d0000, 0x10750000)
 tenured generation   total 10944K, used 2465K [0x15750000, 0x16200000, 0x20200000)
   the space 10944K,  22% used [0x15750000, 0x159b8498, 0x159b8600, 0x16200000)
 compacting perm gen  total 12288K, used 2466K [0x20200000, 0x20e00000, 0x24200000)
   the space 12288K,  20% used [0x20200000, 0x20468b58, 0x20468c00, 0x20e00000)
No shared spaces configured.
}
Event: 84.252 GC heap before
{Heap before GC invocations=36 (full 0):
 def new generation   total 4928K, used 4697K [0x10200000, 0x10750000, 0x15750000)
  eden space 4416K, 100% used [0x10200000, 0x10650000, 0x10650000)
  from space 512K,  55% used [0x10650000, 0x10696778, 0x106d0000)
  to   space 512K,   0% used [0x106d0000, 0x106d0000, 0x10750000)
 tenured generation   total 10944K, used 2465K [0x15750000, 0x16200000, 0x20200000)
   the space 10944K,  22% used [0x15750000, 0x159b8498, 0x159b8600, 0x16200000)
 compacting perm gen  total 12288K, used 2466K [0x20200000, 0x20e00000, 0x24200000)
   the space 12288K,  20% used [0x20200000, 0x20468b58, 0x20468c00, 0x20e00000)
No shared spaces configured.
Event: 84.254 GC heap after
Heap after GC invocations=37 (full 0):
 def new generation   total 4928K, used 262K [0x10200000, 0x10750000, 0x15750000)
  eden space 4416K,   0% used [0x10200000, 0x10200000, 0x10650000)
  from space 512K,  51% used [0x106d0000, 0x10711b48, 0x10750000)
  to   space 512K,   0% used [0x10650000, 0x10650000, 0x106d0000)
 tenured generation   total 10944K, used 2527K [0x15750000, 0x16200000, 0x20200000)
   the space 10944K,  23% used [0x15750000, 0x159c7f30, 0x159c8000, 0x16200000)
 compacting perm gen  total 12288K, used 2466K [0x20200000, 0x20e00000, 0x24200000)
   the space 12288K,  20% used [0x20200000, 0x20468b58, 0x20468c00, 0x20e00000)
No shared spaces configured.
}
Event: 84.488 GC heap before
{Heap before GC invocations=37 (full 0):
 def new generation   total 4928K, used 4678K [0x10200000, 0x10750000, 0x15750000)
  eden space 4416K, 100% used [0x10200000, 0x10650000, 0x10650000)
  from space 512K,  51% used [0x106d0000, 0x10711b48, 0x10750000)
  to   space 512K,   0% used [0x10650000, 0x10650000, 0x106d0000)
 tenured generation   total 10944K, used 2527K [0x15750000, 0x16200000, 0x20200000)
   the space 10944K,  23% used [0x15750000, 0x159c7f30, 0x159c8000, 0x16200000)
 compacting perm gen  total 12288K, used 2783K [0x20200000, 0x20e00000, 0x24200000)
   the space 12288K,  22% used [0x20200000, 0x204b7f80, 0x204b8000, 0x20e00000)
No shared spaces configured.
Event: 84.491 GC heap after
Heap after GC invocations=38 (full 0):
 def new generation   total 4928K, used 402K [0x10200000, 0x10750000, 0x15750000)
  eden space 4416K,   0% used [0x10200000, 0x10200000, 0x10650000)
  from space 512K,  78% used [0x10650000, 0x106b49b8, 0x106d0000)
  to   space 512K,   0% used [0x106d0000, 0x106d0000, 0x10750000)
 tenured generation   total 10944K, used 2551K [0x15750000, 0x16200000, 0x20200000)
   the space 10944K,  23% used [0x15750000, 0x159cddf8, 0x159cde00, 0x16200000)
 compacting perm gen  total 12288K, used 2783K [0x20200000, 0x20e00000, 0x24200000)
   the space 12288K,  22% used [0x20200000, 0x204b7f80, 0x204b8000, 0x20e00000)
No shared spaces configured.
}
Event: 84.686 GC heap before
{Heap before GC invocations=38 (full 0):
 def new generation   total 4928K, used 4818K [0x10200000, 0x10750000, 0x15750000)
  eden space 4416K, 100% used [0x10200000, 0x10650000, 0x10650000)
  from space 512K,  78% used [0x10650000, 0x106b49b8, 0x106d0000)
  to   space 512K,   0% used [0x106d0000, 0x106d0000, 0x10750000)
 tenured generation   total 10944K, used 2551K [0x15750000, 0x16200000, 0x20200000)
   the space 10944K,  23% used [0x15750000, 0x159cddf8, 0x159cde00, 0x16200000)
 compacting perm gen  total 12288K, used 2789K [0x20200000, 0x20e00000, 0x24200000)
   the space 12288K,  22% used [0x20200000, 0x204b9740, 0x204b9800, 0x20e00000)
No shared spaces configured.
Event: 84.690 GC heap after
Heap after GC invocations=39 (full 0):
 def new generation   total 4928K, used 511K [0x10200000, 0x10750000, 0x15750000)
  eden space 4416K,   0% used [0x10200000, 0x10200000, 0x10650000)
  from space 512K,  99% used [0x106d0000, 0x1074fff8, 0x10750000)
  to   space 512K,   0% used [0x10650000, 0x10650000, 0x106d0000)
 tenured generation   total 10944K, used 2994K [0x15750000, 0x16200000, 0x20200000)
   the space 10944K,  27% used [0x15750000, 0x15a3ca68, 0x15a3cc00, 0x16200000)
 compacting perm gen  total 12288K, used 2789K [0x20200000, 0x20e00000, 0x24200000)
   the space 12288K,  22% used [0x20200000, 0x204b9740, 0x204b9800, 0x20e00000)
No shared spaces configured.
}
Event: 84.941 GC heap before
{Heap before GC invocations=39 (full 0):
 def new generation   total 4928K, used 4927K [0x10200000, 0x10750000, 0x15750000)
  eden space 4416K, 100% used [0x10200000, 0x10650000, 0x10650000)
  from space 512K,  99% used [0x106d0000, 0x1074fff8, 0x10750000)
  to   space 512K,   0% used [0x10650000, 0x10650000, 0x106d0000)
 tenured generation   total 10944K, used 2994K [0x15750000, 0x16200000, 0x20200000)
   the space 10944K,  27% used [0x15750000, 0x15a3ca68, 0x15a3cc00, 0x16200000)
 compacting perm gen  total 12288K, used 2789K [0x20200000, 0x20e00000, 0x24200000)
   the space 12288K,  22% used [0x20200000, 0x204b9740, 0x204b9800, 0x20e00000)
No shared spaces configured.
Event: 84.944 GC heap after
Heap after GC invocations=40 (full 0):
 def new generation   total 4928K, used 384K [0x10200000, 0x10750000, 0x15750000)
  eden space 4416K,   0% used [0x10200000, 0x10200000, 0x10650000)
  from space 512K,  75% used [0x10650000, 0x106b0130, 0x106d0000)
  to   space 512K,   0% used [0x106d0000, 0x106d0000, 0x10750000)
 tenured generation   total 10944K, used 3121K [0x15750000, 0x16200000, 0x20200000)
   the space 10944K,  28% used [0x15750000, 0x15a5c6d8, 0x15a5c800, 0x16200000)
 compacting perm gen  total 12288K, used 2789K [0x20200000, 0x20e00000, 0x24200000)
   the space 12288K,  22% used [0x20200000, 0x204b9740, 0x204b9800, 0x20e00000)
No shared spaces configured.
}
Event: 85.295 GC heap before
{Heap before GC invocations=40 (full 0):
 def new generation   total 4928K, used 4800K [0x10200000, 0x10750000, 0x15750000)
  eden space 4416K, 100% used [0x10200000, 0x10650000, 0x10650000)
  from space 512K,  75% used [0x10650000, 0x106b0130, 0x106d0000)
  to   space 512K,   0% used [0x106d0000, 0x106d0000, 0x10750000)
 tenured generation   total 10944K, used 3121K [0x15750000, 0x16200000, 0x20200000)
   the space 10944K,  28% used [0x15750000, 0x15a5c6d8, 0x15a5c800, 0x16200000)
 compacting perm gen  total 12288K, used 2842K [0x20200000, 0x20e00000, 0x24200000)
   the space 12288K,  23% used [0x20200000, 0x204c6b20, 0x204c6c00, 0x20e00000)
No shared spaces configured.

Deoptimization events (0 events):
No events

Internal exceptions (10 events):
Event: 84.404 Thread 0x0129c400 Threw 0x105bed30 at C:\re\jdk7u65\1313\hotspot\src\share\vm\prims\jvm.cpp:1244
Event: 84.418 Thread 0x0129c400 Threw 0x105c6cf8 at C:\re\jdk7u65\1313\hotspot\src\share\vm\prims\jni.cpp:1632
Event: 84.484 Thread 0x0129c400 Threw 0x105ed028 at C:\re\jdk7u65\1313\hotspot\src\share\vm\prims\jvm.cpp:1244
Event: 84.485 Thread 0x0129c400 Threw 0x105f1c10 at C:\re\jdk7u65\1313\hotspot\src\share\vm\prims\jni.cpp:1632
Event: 84.485 Thread 0x0129c400 Threw 0x105f24d8 at C:\re\jdk7u65\1313\hotspot\src\share\vm\prims\jvm.cpp:1244
Event: 84.503 Thread 0x0129c400 Threw 0x103b4610 at C:\re\jdk7u65\1313\hotspot\src\share\vm\prims\jvm.cpp:1244
Event: 85.257 Thread 0x0129c400 Threw 0x10510f28 at C:\re\jdk7u65\1313\hotspot\src\share\vm\prims\jvm.cpp:1244
Event: 85.258 Thread 0x0129c400 Threw 0x10515c78 at C:\re\jdk7u65\1313\hotspot\src\share\vm\prims\jvm.cpp:1244
Event: 85.268 Thread 0x0129c400 Threw 0x1051bb30 at C:\re\jdk7u65\1313\hotspot\src\share\vm\prims\jvm.cpp:1244
Event: 85.269 Thread 0x0129c400 Threw 0x10521680 at C:\re\jdk7u65\1313\hotspot\src\share\vm\prims\jvm.cpp:1244

Events (10 events):
Event: 85.267 loading class 0x039eba88 done
Event: 85.267 loading class 0x039cb500
Event: 85.267 loading class 0x039cb500 done
Event: 85.267 loading class 0x039ebaf0
Event: 85.267 loading class 0x039ebaf0 done
Event: 85.268 loading class 0x03a36618
Event: 85.268 loading class 0x03a36618 done
Event: 85.269 loading class 0x03a366c0
Event: 85.269 loading class 0x03a366c0 done
Event: 85.295 Executing VM operation: GenCollectForAllocation


Dynamic libraries:
0x01320000 - 0x0134f000 	C:\Program Files\Java\jdk1.7.0_65\bin\javaw.exe
0x77bf0000 - 0x77d31000 	C:\Windows\SYSTEM32\ntdll.dll
0x760b0000 - 0x76184000 	C:\Windows\system32\kernel32.dll
0x75ee0000 - 0x75f2b000 	C:\Windows\system32\KERNELBASE.dll
0x76240000 - 0x762e0000 	C:\Windows\system32\ADVAPI32.dll
0x76190000 - 0x7623c000 	C:\Windows\system32\msvcrt.dll
0x77d50000 - 0x77d69000 	C:\Windows\SYSTEM32\sechost.dll
0x76600000 - 0x766a2000 	C:\Windows\system32\RPCRT4.dll
0x77b20000 - 0x77be9000 	C:\Windows\system32\USER32.dll
0x76810000 - 0x7685e000 	C:\Windows\system32\GDI32.dll
0x77d40000 - 0x77d4a000 	C:\Windows\system32\LPK.dll
0x762f0000 - 0x7638d000 	C:\Windows\system32\USP10.dll
0x746f0000 - 0x7488e000 	C:\Windows\WinSxS\x86_microsoft.windows.common-controls_6595b64144ccf1df_6.0.7601.18837_none_41e855142bd5705d\COMCTL32.dll
0x76050000 - 0x760a7000 	C:\Windows\system32\SHLWAPI.dll
0x77650000 - 0x7766f000 	C:\Windows\system32\IMM32.DLL
0x77670000 - 0x7773c000 	C:\Windows\system32\MSCTF.dll
0x10000000 - 0x1003b000 	C:\Windows\system32\sxwmon32.dll
0x76a00000 - 0x7764b000 	C:\Windows\system32\SHELL32.dll
0x766b0000 - 0x7680c000 	C:\Windows\system32\ole32.dll
0x75c70000 - 0x75caa000 	C:\Program Files\Citrix\system32\radeaphook.dll
0x75bc0000 - 0x75c6f000 	C:\Program Files\Citrix\system32\CtxSbxHook.DLL
0x75bb0000 - 0x75bb9000 	C:\Windows\system32\VERSION.dll
0x75960000 - 0x75ba5000 	C:\Windows\system32\msi.dll
0x591f0000 - 0x592af000 	C:\Program Files\Java\jdk1.7.0_65\jre\bin\msvcr100.dll
0x6e7b0000 - 0x6eb38000 	C:\Program Files\Java\jdk1.7.0_65\jre\bin\client\jvm.dll
0x728c0000 - 0x728c7000 	C:\Windows\system32\WSOCK32.dll
0x77e00000 - 0x77e35000 	C:\Windows\system32\WS2_32.dll
0x77740000 - 0x77746000 	C:\Windows\system32\NSI.dll
0x73f00000 - 0x73f32000 	C:\Windows\system32\WINMM.dll
0x76040000 - 0x76045000 	C:\Windows\system32\PSAPI.DLL
0x74230000 - 0x7423c000 	C:\Program Files\Java\jdk1.7.0_65\jre\bin\verify.dll
0x65a50000 - 0x65a70000 	C:\Program Files\Java\jdk1.7.0_65\jre\bin\java.dll
0x65750000 - 0x6577a000 	C:\Program Files\Java\jdk1.7.0_65\jre\bin\jdwp.dll
0x73fe0000 - 0x73fe7000 	C:\Program Files\Java\jdk1.7.0_65\jre\bin\npt.dll
0x65a30000 - 0x65a43000 	C:\Program Files\Java\jdk1.7.0_65\jre\bin\zip.dll
0x75940000 - 0x7594c000 	C:\Windows\system32\CRYPTBASE.dll
0x746b0000 - 0x746f0000 	C:\Windows\system32\uxtheme.dll
0x77850000 - 0x778df000 	C:\Windows\system32\OLEAUT32.dll
0x77d70000 - 0x77df3000 	C:\Windows\system32\CLBCatQ.DLL
0x74b80000 - 0x74c75000 	C:\Windows\system32\propsys.dll
0x74e80000 - 0x74ea1000 	C:\Windows\system32\ntmarta.dll
0x77750000 - 0x77795000 	C:\Windows\system32\WLDAP32.dll
0x76860000 - 0x769fd000 	C:\Windows\system32\SETUPAPI.dll
0x75fe0000 - 0x76007000 	C:\Windows\system32\CFGMGR32.dll
0x75f30000 - 0x75f42000 	C:\Windows\system32\DEVOBJ.dll
0x71560000 - 0x71568000 	C:\Program Files\Java\jdk1.7.0_65\jre\bin\dt_socket.dll
0x73d50000 - 0x73d60000 	C:\Windows\system32\NLAapi.dll
0x72ac0000 - 0x72ad0000 	C:\Windows\system32\napinsp.dll
0x728d0000 - 0x728e2000 	C:\Windows\system32\pnrpnsp.dll
0x754c0000 - 0x754fc000 	C:\Windows\System32\mswsock.dll
0x752b0000 - 0x752f4000 	C:\Windows\system32\DNSAPI.dll
0x72ad0000 - 0x72ad8000 	C:\Windows\System32\winrnr.dll
0x731b0000 - 0x731cc000 	C:\Windows\system32\IPHLPAPI.DLL
0x731a0000 - 0x731a7000 	C:\Windows\system32\WINNSI.DLL
0x73000000 - 0x73038000 	C:\Windows\System32\fwpuclnt.dll
0x72ae0000 - 0x72ae6000 	C:\Windows\system32\rasadhlp.dll
0x74f30000 - 0x74f35000 	C:\Windows\System32\wshtcpip.dll
0x737b0000 - 0x7389b000 	C:\Windows\system32\dbghelp.dll

VM Arguments:
jvm_args: -agentlib:jdwp=transport=dt_socket,suspend=y,address=localhost:64968 -Dfile.encoding=Cp1252 
java_command: com.barclays.lingpipe.LingPipeClassifier
Launcher Type: SUN_STANDARD

Environment Variables:
JAVA_HOME=C:\Software\Java\jdk1.6.0_45
PATH=C:\Program Files\Java\jdk1.7.0_65\jre\bin;C:/Software/Java/jdk1.6.0_45/jre/bin/client;C:/Software/Java/jdk1.6.0_45/jre/bin;C:/Software/Java/jdk1.6.0_45/jre/lib/i386;C:\Softwares\Ruby21\bin;C:\Software\Java\jdk1.6.0_45\bin;C:\Windows\system32;C:\Windows;C:\Windows\System32\Wbem;C:\Windows\System32\WindowsPowerShell\v1.0\;C:\Program Files\Citrix\system32\;C:\Program Files\Common Files\ThinPrint\;C:\Softwares\Vagrant\bin;C:\Softwares\Git\cmd;C:\Softwares\Git\bin;C:\Program Files\TortoiseSVN\bin;C:\Program Files\PuTTY\;C:\Softwares\Anaconda;C:\Softwares\Anaconda\Scripts;C:\Windows\system32;C:\Windows;C:\Windows\System32\Wbem;C:\Windows\System32\WindowsPowerShell\v1.0\;C:\Program Files\Citrix\system32\;C:\Program Files\Common Files\ThinPrint\;C:\Softwares\eclipse;
USERNAME=G01013268
OS=Windows_NT
PROCESSOR_IDENTIFIER=x86 Family 6 Model 15 Stepping 13, GenuineIntel



---------------  S Y S T E M  ---------------

OS: Windows 7 Build 7601 Service Pack 1

CPU:total 2 (2 cores per cpu, 1 threads per core) family 6 model 15 stepping 13, cmov, cx8, fxsr, mmx, sse, sse2, sse3, ssse3, tsc

Memory: 4k page, physical 2087160k(409376k free), swap 5409320k(1711956k free)

vm_info: Java HotSpot(TM) Client VM (24.65-b04) for windows-x86 JRE (1.7.0_65-b19), built on Jul  9 2014 18:04:11 by "java_re" with unknown MS VC++:1600

time: Tue Jul 28 17:22:25 2015
elapsed time: 85 seconds

